\BOOKMARK [1][-]{section.1}{Introduction}{}% 1
\BOOKMARK [2][-]{subsection.1.1}{Context}{section.1}% 2
\BOOKMARK [2][-]{subsection.1.2}{Goals of the project}{section.1}% 3
\BOOKMARK [2][-]{subsection.1.3}{Contribution}{section.1}% 4
\BOOKMARK [2][-]{subsection.1.4}{Structure of the disseration}{section.1}% 5
\BOOKMARK [1][-]{section.2}{Literature review and related work}{}% 6
\BOOKMARK [2][-]{subsection.2.1}{Honeypots}{section.2}% 7
\BOOKMARK [3][-]{subsubsection.2.1.1}{Overview}{subsection.2.1}% 8
\BOOKMARK [3][-]{subsubsection.2.1.2}{Case of studies}{subsection.2.1}% 9
\BOOKMARK [2][-]{subsection.2.2}{Malware}{section.2}% 10
\BOOKMARK [3][-]{subsubsection.2.2.1}{Overview}{subsection.2.2}% 11
\BOOKMARK [3][-]{subsubsection.2.2.2}{Case of study}{subsection.2.2}% 12
\BOOKMARK [3][-]{subsubsection.2.2.3}{Analysis methods}{subsection.2.2}% 13
\BOOKMARK [1][-]{section.3}{Methodology}{}% 14
\BOOKMARK [1][-]{section.4}{Implementation and configuration}{}% 15
\BOOKMARK [2][-]{subsection.4.1}{Honeypots}{section.4}% 16
\BOOKMARK [3][-]{subsubsection.4.1.1}{Honeypots overview}{subsection.4.1}% 17
\BOOKMARK [3][-]{subsubsection.4.1.2}{Cowrie and its configuration}{subsection.4.1}% 18
\BOOKMARK [3][-]{subsubsection.4.1.3}{Kippograph and data vizualisation}{subsection.4.1}% 19
\BOOKMARK [2][-]{subsection.4.2}{Malware string analyzer}{section.4}% 20
\BOOKMARK [3][-]{subsubsection.4.2.1}{Strings categories}{subsection.4.2}% 21
\BOOKMARK [3][-]{subsubsection.4.2.2}{Strings extraction}{subsection.4.2}% 22
\BOOKMARK [3][-]{subsubsection.4.2.3}{Virus total analysis}{subsection.4.2}% 23
\BOOKMARK [1][-]{section.5}{Analysis and results}{}% 24
\BOOKMARK [2][-]{subsection.5.1}{Attacks overview}{section.5}% 25
\BOOKMARK [2][-]{subsection.5.2}{Authentication attempts}{section.5}% 26
\BOOKMARK [2][-]{subsection.5.3}{Malicious downloads}{section.5}% 27
\BOOKMARK [2][-]{subsection.5.4}{Malware binaries analysis}{section.5}% 28
\BOOKMARK [1][-]{section.6}{Future research}{}% 29
\BOOKMARK [1][-]{section.7}{Concluding discussion}{}% 30
\BOOKMARK [1][-]{section.8}{Bibliography}{}% 31
\BOOKMARK [1][-]{section.9}{Appendices}{}% 32
